1     0000              MODULE main_c
2     0000              LINE 0, "main.c"
0     0000              
1     0000              ;* * * * *  Small-C/Plus z88dk * * * * *
2     0000              ;  Version: 18895-a94ab5b30-20211127
3     0000              ;
4     0000              ;	Reconstructed for z80 Module Assembler
5     0000              ;
6     0000              ;	Module compile time: Wed Dec  1 17:43:35 2021
7     0000              
8     0000              
9     0000              	C_LINE	0,"main.c"
0     0000              
0     0000              	MODULE	main_c
0     0000              
0     0000              
0     0000              	INCLUDE "z80_crt0.hdr"
1     0000              ;
2     0000              ;	Header file which contains all required variables from the
3     0000              ;	startup that need to be exposed to individual C files
4     0000              ;
5     0000              ;	Stick in this file any routines which are needed or implicitly
6     0000              ;	implied by sccz80.
7     0000              ;
8     0000              ;	This file is included by every module
9     0000              ;	To handle multi module programs which use floating point
10    0000              ;	routines in different modules, we have got rid of
11    0000              ;	the conditional assembly around the float routines
12    0000              ;
13    0000              ;	$Id: z80_crt0.hdr,v 1.12 2015-11-24 06:47:17 stefano Exp $
14    0000              
15    0000              	EXTERN	base_graphics	; Address of graphics screen
16    0000              
17    0000              	EXTERN	_cpfar2near	; Far->near conversion (z88)
18    0000              	EXTERN	packintrout	; Process interrupt (z88 apps)
19    0000              
20    0000              	EXTERN	l_dcal		; jp(hl)
21    0000              	EXTERN	cleanup		; cleanup before program exit
22    0000              
23    0000              
24    0000              	EXTERN	l_jphl	   ; another jp(hl)
25    0000              	EXTERN	l_jpix	   ; jp(ix)
26    0000              	EXTERN	l_jpiy	   ; jp(iy)
27    0000              
28    0000              	EXTERN	l_ldi
29    0000              	EXTERN	l_ldi_128
30    0000              	EXTERN	l_ldi_256
31    0000              
32    0000              	EXTERN	l_outi
33    0000              	EXTERN	l_outi_128
34    0000              	EXTERN	l_outi_256
35    0000              
36    0000              	EXTERN	l_ini
37    0000              	EXTERN	l_ini_128
38    0000              	EXTERN	l_ini_256
39    0000              	EXTERN	l_ini_512
40    0000              
41    0000              
42    0000              	; Used for banked calls for __banked for sccz80 + sdcc
43    0000              	EXTERN	banked_call
44    0000              
45    0000              
46    0000              ;------------------------------------
47    0000              ; Scopes for integer library routines
48    0000              ;------------------------------------
49    0000              
50    0000              	EXTERN    l_getptr	;Get 3 byte pointer
51    0000              	EXTERN    l_putptr	;Put 3 byte pointer
52    0000              	EXTERN    l_gchar	;Get signed char
53    0000              	EXTERN    l_gcharsp	;Get signed char  (peephole opt)
54    0000              	EXTERN    l_gcharspsp	;Get signed char and push  (peephole opt)
55    0000              	EXTERN    l_g2charspsp	;Get 2 signed char and push  (peephole opt)
56    0000              	EXTERN    l_sxt		;Sign extend char
57    0000              	EXTERN    l_gint	;Get int ld hl,(hl)
58    0000              	EXTERN    l_gintsp	;Get int (peephole opt)
59    0000              	EXTERN    l_gintspchar	;Get int,char (peephole opt)
60    0000              	EXTERN    l_gintspsp	;Get int and push (peephole opt)
61    0000              	EXTERN    l_g2intspsp	;Get 2 int and push (peephole opt)
62    0000              	EXTERN    l_gintsp2de	;Get int, multiply by 2 and add from SP by de
63    0000              	EXTERN    l_gint7de	;Get int, multiply by 7 and add from SP by de
64    0000              	EXTERN    l_gint_eq	;Get int and test == 0
65    0000              	EXTERN    l_ghtonsint	;Get reverse order int
66    0000              	EXTERN    l_pint	;Put int: ld (de),hl
67    0000              	EXTERN    l_pint_eq	;Put int and test == 0
68    0000              	EXTERN    l_pint_pop	;Put int and pop place address
69    0000              	EXTERN    l_or		;Int logical or
70    0000              	EXTERN    l_xor		;Int logical xor
71    0000              	EXTERN    l_and		;Int logical and
72    0000              	EXTERN    l_eq		;Int equality
73    0000              	EXTERN    l_ne		;Int inequality
74    0000              	EXTERN    l_gt		;Int signed de >  hl
75    0000              	EXTERN    l_le		;Int signed de <= hl
76    0000              	EXTERN    l_ge		;Int signed de >= hl
77    0000              	EXTERN    l_lt		;Int signed de <  hl
78    0000              	EXTERN    l_uge		;Int unsigned de >= hl
79    0000              	EXTERN    l_ult		;Int unsigned de <  hl
80    0000              	EXTERN    l_ugt		;Int unsigned de >  hl
81    0000              	EXTERN    l_ule		;Int unsigned de <= hl
82    0000              	EXTERN    l_cmp		;Int signed compare
83    0000              	EXTERN    l_ucmp	;Int unsigned compare
84    0000              	EXTERN    l_asr		;Int signed de >> hl
85    0000              	EXTERN    l_asr_hl_by_e	;Int signed hl >> e
86    0000              	EXTERN    l_asr_u	;Int unsigned de >> hl
87    0000              	EXTERN    l_asr_u_hl_by_e	;Int unsigned hl >> e
88    0000              	EXTERN    l_asl		;Int de << hl
89    0000              	EXTERN    l_sub		;Int subtract hl = de - hl
90    0000              	EXTERN    l_neg		;Int negate
91    0000              	EXTERN    l_com		;Int ~
92    0000              	EXTERN    l_lneg	;Int logical negate
93    0000              	EXTERN    l_bool	;Int boolean test
94    0000              	EXTERN    l_cm_de	;
95    0000              	EXTERN    l_cm_bc
96    0000              	EXTERN    l_deneg
97    0000              	EXTERN    l_bcneg
98    0000              	EXTERN    l_case	;Integer case
99    0000              	EXTERN    l_mult	;Integer hl = hl * de
100   0000              	EXTERN    l_div		;Integer signed / hl=de/hl, de=de%hl
101   0000              	EXTERN    l_div_u	;Integer unsigned /
102   0000              	EXTERN    l_mod		;Integer % (for gbz80) hl=de%hl
103   0000              	EXTERN    l_mod_u	;Integer unsigned % (for gbz80)
104   0000              
105   0000              ;------------------
106   0000              ;Long functions now
107   0000              ;------------------
108   0000              
109   0000              	EXTERN	lpush2		;Push a long under the stack
110   0000              	EXTERN	l_int2long_s	;Int->long signed conversion
111   0000              	EXTERN	l_int2long_s_float	;Int->long->float signed conversion (optimizer: use -O3)
112   0000              	EXTERN	l_int2long_u_float	;uInt->ulong->float signed conversion
113   0000              	EXTERN	l_glong		;Get long
114   0000              	EXTERN	l_glongsp	;Get long (peephole opt)
115   0000              	EXTERN	l_glonghlp	;Get pointer, then get long
116   0000              	EXTERN	l_glong2sp	;Get long and copy on stack (peephole opt)
117   0000              	EXTERN	l_glong2sp_hlp
118   0000              	EXTERN	l_long_add
119   0000              	EXTERN	l_long_and
120   0000              	EXTERN	l_long_asl
121   0000              	EXTERN	l_long_asr
122   0000              	EXTERN	l_long_aslo	;Long << shift in c
123   0000              	EXTERN	l_long_asro	;Long >> shift in c (signed)
124   0000              	EXTERN	l_long_bool
125   0000              	EXTERN	l_long_cmp
126   0000              	EXTERN	l_long_com
127   0000              	EXTERN	l_long_eq
128   0000              	EXTERN	l_long_ge
129   0000              	EXTERN	l_long_gt
130   0000              	EXTERN	l_long_le
131   0000              	EXTERN	l_long_lneg
132   0000              	EXTERN	l_long_lt
133   0000              	EXTERN	l_long_ne
134   0000              	EXTERN	l_long_neg
135   0000              	EXTERN	l_long_or
136   0000              	EXTERN	l_long_sub
137   0000              	EXTERN	l_long_ucmp
138   0000              	EXTERN	l_long_uge
139   0000              	EXTERN	l_long_ugt
140   0000              	EXTERN	l_long_ule
141   0000              	EXTERN	l_long_ult
142   0000              	EXTERN	l_long_xor
143   0000              	EXTERN	l_plong
144   0000              	EXTERN	l_inclong	;Increment long
145   0000              	EXTERN	l_declong	;Decrement long
146   0000              	EXTERN	l_long_div
147   0000              	EXTERN	l_long_div_u
148   0000              	EXTERN	l_long_mod
149   0000              	EXTERN	l_long_mod_u
150   0000              	EXTERN	l_long_mult
151   0000              	EXTERN	l_long_asr_u	;Long unsigned >>
152   0000              	EXTERN	l_long_asr_uo	;Long unsigned >> shift in c
153   0000              	EXTERN	l_long_case
154   0000              
155   0000              ;--------------------------------------------------------------
156   0000              ; Floating point support routines, mostly in library
157   0000              ;--------------------------------------------------------------
158   0000              
159   0000              	EXTERN	dadd
160   0000              	EXTERN	ddiv
161   0000              	EXTERN	dsub
162   0000              	EXTERN	dmul
163   0000              
164   0000              	EXTERN	dge
165   0000              	EXTERN	dgt
166   0000              	EXTERN	dleq
167   0000              	EXTERN	dlt
168   0000              	EXTERN	deq
169   0000              	EXTERN	dne
170   0000              
171   0000              	EXTERN	minusfa		;FA=-FA
172   0000              
173   0000              	EXTERN	dswap		;Exchange FA with top of stack
174   0000              	EXTERN	float		;Convert int to float
175   0000              	EXTERN	ufloat		;unsigned int to float
176   0000              	EXTERN	ifix		;Convert float to int
177   0000              
178   0000              	EXTERN	dstore		;FA->(de)
179   0000              	EXTERN	dload		;FA<-(hl)
180   0000              	EXTERN	dldpsh		;(hl)->(stack)
181   0000              	EXTERN	dpush		;FA->(stack)
182   0000              	EXTERN	dpush2		;FA->(stack under)
183   0000              	EXTERN	dpush3		;FA->(stack under,long)
184   0000              
185   0000              	EXTERN	fa		;may not be needed in this file
186   0000              	EXTERN	extra		;ditto
187   0000              	EXTERN	__atof2		;string->fa conversion
188   0000              	EXTERN	l_f48_ldexp	;FA * pow2(N)
189   0000              	EXTERN	l_f48_f16tof	;Convert _Float16 to float
190   0000              	EXTERN	l_f48_ftof16	;Convert float to _Float16
191   0000              
192   0000              	; 16 bit float ABI
193   0000              	EXTERN	l_f16_add
194   0000              	EXTERN	l_f16_sub
195   0000              	EXTERN	l_f16_mul
196   0000              	EXTERN	l_f16_div
197   0000              	EXTERN	l_f16_le
198   0000              	EXTERN	l_f16_lt
199   0000              	EXTERN	l_f16_ge
200   0000              	EXTERN	l_f16_gt
201   0000              	EXTERN	l_f16_eq
202   0000              	EXTERN	l_f16_ne
203   0000              	EXTERN	l_f16_swap
204   0000              	EXTERN	l_f16_schar2f
205   0000              	EXTERN	l_f16_uchar2f
206   0000              	EXTERN	l_f16_sint2f
207   0000              	EXTERN	l_f16_uint2f
208   0000              	EXTERN	l_f16_slong2f
209   0000              	EXTERN	l_f16_ulong2f
210   0000              	EXTERN	l_f16_f2sint
211   0000              	EXTERN	l_f16_f2uint
212   0000              	EXTERN	l_f16_f2slong
213   0000              	EXTERN	l_f16_f2ulong
214   0000              	EXTERN	l_f16_ldexp
215   0000              	EXTERN	l_f16_invf	;Only for ieee16
216   0000              	EXTERN	l_f16_f16tof	;A noop
217   0000              	EXTERN	l_f16_ftof16	;A noop
218   0000              
219   0000              	; 32 bit float ABI
220   0000              	EXTERN	l_f32_add
221   0000              	EXTERN	l_f32_sub
222   0000              	EXTERN	l_f32_mul
223   0000              	EXTERN	l_f32_div
224   0000              	EXTERN	l_f32_le
225   0000              	EXTERN	l_f32_lt
226   0000              	EXTERN	l_f32_ge
227   0000              	EXTERN	l_f32_gt
228   0000              	EXTERN	l_f32_eq
229   0000              	EXTERN	l_f32_ne
230   0000              	EXTERN	l_f32_swap
231   0000              	EXTERN	l_f32_negate
232   0000              	EXTERN	l_f32_schar2f
233   0000              	EXTERN	l_f32_uchar2f
234   0000              	EXTERN	l_f32_sint2f
235   0000              	EXTERN	l_f32_uint2f
236   0000              	EXTERN	l_f32_slong2f
237   0000              	EXTERN	l_f32_ulong2f
238   0000              	EXTERN	l_f32_f2sint
239   0000              	EXTERN	l_f32_f2uint
240   0000              	EXTERN	l_f32_f2slong
241   0000              	EXTERN	l_f32_f2ulong
242   0000              	EXTERN	l_f32_ldexp
243   0000              	EXTERN	l_f32_invf	;Only for math32
244   0000              	EXTERN	l_f32_f16tof	;Convert _Float16 to float
245   0000              	EXTERN	l_f32_ftof16	;Convert float to _Float16
246   0000              
247   0000              	; 64 bit float ABI
248   0000              	EXTERN	l_f64_load
249   0000              	EXTERN	l_f64_add
250   0000              	EXTERN	l_f64_sub
251   0000              	EXTERN	l_f64_mul
252   0000              	EXTERN	l_f64_div
253   0000              	EXTERN	l_f64_le
254   0000              	EXTERN	l_f64_lt
255   0000              	EXTERN	l_f64_ge
256   0000              	EXTERN	l_f64_gt
257   0000              	EXTERN	l_f64_eq
258   0000              	EXTERN	l_f64_ne
259   0000              	EXTERN	l_f64_negate
260   0000              	EXTERN	l_f64_swap
261   0000              	EXTERN	l_f64_store
262   0000              	EXTERN	l_f64_dpush
263   0000              	EXTERN	l_f64_dldpsh
264   0000              	EXTERN	l_f64_dpush2
265   0000              	EXTERN	l_f64_dpush3
266   0000              	EXTERN	l_f64_schar2f
267   0000              	EXTERN	l_f64_uchar2f
268   0000              	EXTERN	l_f64_sint2f
269   0000              	EXTERN	l_f64_uint2f
270   0000              	EXTERN	l_f64_slong2f
271   0000              	EXTERN	l_f64_ulong2f
272   0000              	EXTERN	l_f64_f2sint
273   0000              	EXTERN	l_f64_f2uint
274   0000              	EXTERN	l_f64_f2slong
275   0000              	EXTERN	l_f64_f2ulong
276   0000              	EXTERN	l_f64_ldexp
277   0000              	EXTERN	l_f64_f16tof	;Convert _Float16 to float
278   0000              	EXTERN	l_f64_ftof16	;Convert float to _Float16
279   0000              
280   0000              
281   0000              ;--------------------------------------------------
282   0000              ; Routines for picking up variables from far memory
283   0000              ;--------------------------------------------------
284   0000              
285   0000              	EXTERN	lp_gchar
286   0000              	EXTERN	lp_gdoub
287   0000              	EXTERN	lp_gint
288   0000              	EXTERN	lp_glong
289   0000              	EXTERN	lp_gptr
290   0000              	EXTERN	lp_pchar
291   0000              	EXTERN	lp_pdoub
292   0000              	EXTERN	lp_pint
293   0000              	EXTERN	lp_plong
294   0000              	EXTERN	lp_pptr
295   0000              
296   0000              	EXTERN	l_farcall	; Long call
297   0000              
298   0000              
299   0000              ;--------------------------------------------------
300   0000              ; Routines for handling 64 bit integers for sccz80
301   0000              ;--------------------------------------------------
302   0000              
303   0000                      EXTERN  __i64_acc
304   0000              	EXTERN	l_i64_load
305   0000              	EXTERN	l_i64_store
306   0000              	EXTERN	l_i64_push
307   0000              	EXTERN	l_i64_add
308   0000              	EXTERN	l_i64_sub
309   0000              	EXTERN	l_i64_mult
310   0000              	EXTERN	l_i64_mod
311   0000              	EXTERN	l_i64_mod_u
312   0000              	EXTERN	l_i64_div
313   0000              	EXTERN	l_i64_div_u
314   0000              	EXTERN	l_i64_or
315   0000              	EXTERN	l_i64_xor
316   0000              	EXTERN	l_i64_and
317   0000              	EXTERN	l_i64_asr_u
318   0000              	EXTERN	l_i64_asr_uo
319   0000              	EXTERN	l_i64_asr
320   0000              	EXTERN	l_i64_asro
321   0000              	EXTERN	l_i64_asl
322   0000              	EXTERN	l_i64_aslo
323   0000              	EXTERN	l_i64_inc
324   0000              	EXTERN	l_i64_dec
325   0000              	EXTERN	l_i64_eq0
326   0000              	EXTERN	l_i64_eq
327   0000              	EXTERN	l_i64_ne
328   0000              	EXTERN	l_i64_ge
329   0000              	EXTERN	l_i64_gt
330   0000              	EXTERN	l_i64_uge
331   0000              	EXTERN	l_i64_ugt
332   0000              	EXTERN	l_i64_le
333   0000              	EXTERN	l_i64_lt
334   0000              	EXTERN	l_i64_ule
335   0000              	EXTERN	l_i64_ult
336   0000              	EXTERN	l_i64_lneg
337   0000              	EXTERN	l_i64_neg
338   0000              	EXTERN	l_i64_com
339   0000              	EXTERN	l_i64_case
340   0000              	EXTERN	l_i64_push_under_int
341   0000              	EXTERN	l_i64_push_under_int_mhl
342   0000              	EXTERN	l_i64_copy
343   0000              	EXTERN	l_i64_slong2i64
344   0000              	EXTERN	l_i64_ulong2i64
345   0000              	EXTERN	l_i64_sint2i64
346   0000              	EXTERN	l_i64_uint2i64
347   0000                      EXTERN  l_i64_u64_toi32
348   0000              
349   0000              
350   0000              ;-------------------
351   0000              ; Routines for SDCC
352   0000              ;-------------------
353   0000              
354   0000              	EXTERN	__divsint_rrx_s
355   0000              	EXTERN	__divsint_rrx_hds
356   0000              	EXTERN	__divuint_rrx_s
357   0000              	EXTERN	__divuint_rrx_hds
358   0000              	EXTERN	__divsuchar_rrx_s
359   0000              	EXTERN	__divuschar_rrx_s
360   0000              	EXTERN	__divuchar_rrx_s
361   0000              	EXTERN	__divuchar_rrx_hds
362   0000              	EXTERN	__moduchar_rrx_s
363   0000              	EXTERN	__moduchar_rrx_hds
364   0000              	EXTERN	__moduschar_rrx_s
365   0000              	EXTERN	__modsuchar_rrx_s
366   0000              	EXTERN	__modschar_rrx_s
367   0000              	EXTERN	__modschar_rrx_hds
368   0000              	EXTERN	__modsint_rrx_s
369   0000              	EXTERN	__modsint_rrx_hds
370   0000              	EXTERN	__moduint_rrx_s
371   0000              	EXTERN	__moduint_rrx_hds
372   0000              	EXTERN	__get_remainder
373   0000              	EXTERN	__divunsigned
374   0000              	EXTERN	__div_signexte
375   0000              	EXTERN	__divu16
376   0000              	EXTERN	__div16
377   0000              	EXTERN	__div8
378   0000              	EXTERN	__muluchar_rrx_s
379   0000              	EXTERN	__muluchar_rrx_hds
380   0000              	EXTERN	__mulsuchar_rrx_s
381   0000              	EXTERN	__muluschar_rrx_s
382   0000              	EXTERN	__mulschar_rrx_s
383   0000              	EXTERN	__mulschar_rrx_hds
384   0000              	EXTERN	__mulint_rrx_s
385   0000              	EXTERN	__mulint_rrx_hds
386   0000              	EXTERN	__mul16
387   0000              	EXTERN	__rrulong_rrx_s
388   0000              	EXTERN	__rrslong_rrx_s
389   0000              	EXTERN	__rlslong_rrx_s
390   0000              	EXTERN	__rlulong_rrx_s
391   0000                      EXTERN  __muluchar
392   0000                      EXTERN  __mulschar
393   0000              
394   0000              	EXTERN	l_push_di
395   0000              	EXTERN	l_pop_ei
396   0000              
397   0000                      EXTERN  l_debug_push_frame
398   0000                      EXTERN  l_debug_pop_frame
399   0000              
400   0000              
0     0000              
0     0000              
0     0000              	C_LINE	0,"main.h"
0     0000              	C_LINE	3,"main.h"
3     0000              	C_LINE	4,"main.h"
4     0000              	C_LINE	5,"main.c"
5     0000              	C_LINE	0,"YM2151.h"
0     0000              	C_LINE	0,"/home/ed/dev/3rdparty/z88dk/lib/config/../..//include/stdint.h"
0     0000              	C_LINE	0,"/home/ed/dev/3rdparty/z88dk/lib/config/../..//include/sys/compiler.h"
0     0000              	C_LINE	10,"/home/ed/dev/3rdparty/z88dk/lib/config/../..//include/stdint.h"
10    0000              	C_LINE	0,"/home/ed/dev/3rdparty/z88dk/lib/config/../..//include/sys/types.h"
0     0000              	C_LINE	17,"/home/ed/dev/3rdparty/z88dk/lib/config/../..//include/sys/types.h"
17    0000              	C_LINE	26,"/home/ed/dev/3rdparty/z88dk/lib/config/../..//include/sys/types.h"
26    0000              	C_LINE	35,"/home/ed/dev/3rdparty/z88dk/lib/config/../..//include/sys/types.h"
35    0000              	C_LINE	40,"/home/ed/dev/3rdparty/z88dk/lib/config/../..//include/sys/types.h"
40    0000              	C_LINE	45,"/home/ed/dev/3rdparty/z88dk/lib/config/../..//include/sys/types.h"
45    0000              	C_LINE	50,"/home/ed/dev/3rdparty/z88dk/lib/config/../..//include/sys/types.h"
50    0000              	C_LINE	55,"/home/ed/dev/3rdparty/z88dk/lib/config/../..//include/sys/types.h"
55    0000              	C_LINE	60,"/home/ed/dev/3rdparty/z88dk/lib/config/../..//include/sys/types.h"
60    0000              	C_LINE	65,"/home/ed/dev/3rdparty/z88dk/lib/config/../..//include/sys/types.h"
65    0000              	C_LINE	70,"/home/ed/dev/3rdparty/z88dk/lib/config/../..//include/sys/types.h"
70    0000              	C_LINE	75,"/home/ed/dev/3rdparty/z88dk/lib/config/../..//include/sys/types.h"
75    0000              	C_LINE	80,"/home/ed/dev/3rdparty/z88dk/lib/config/../..//include/sys/types.h"
80    0000              	C_LINE	85,"/home/ed/dev/3rdparty/z88dk/lib/config/../..//include/sys/types.h"
85    0000              	C_LINE	89,"/home/ed/dev/3rdparty/z88dk/lib/config/../..//include/sys/types.h"
89    0000              	C_LINE	90,"/home/ed/dev/3rdparty/z88dk/lib/config/../..//include/sys/types.h"
90    0000              	C_LINE	91,"/home/ed/dev/3rdparty/z88dk/lib/config/../..//include/sys/types.h"
91    0000              	C_LINE	93,"/home/ed/dev/3rdparty/z88dk/lib/config/../..//include/sys/types.h"
93    0000              	C_LINE	94,"/home/ed/dev/3rdparty/z88dk/lib/config/../..//include/sys/types.h"
94    0000              	C_LINE	95,"/home/ed/dev/3rdparty/z88dk/lib/config/../..//include/sys/types.h"
95    0000              	C_LINE	101,"/home/ed/dev/3rdparty/z88dk/lib/config/../..//include/sys/types.h"
101   0000              	C_LINE	106,"/home/ed/dev/3rdparty/z88dk/lib/config/../..//include/sys/types.h"
106   0000              	C_LINE	11,"/home/ed/dev/3rdparty/z88dk/lib/config/../..//include/stdint.h"
11    0000              	C_LINE	13,"/home/ed/dev/3rdparty/z88dk/lib/config/../..//include/stdint.h"
13    0000              	C_LINE	14,"/home/ed/dev/3rdparty/z88dk/lib/config/../..//include/stdint.h"
14    0000              	C_LINE	15,"/home/ed/dev/3rdparty/z88dk/lib/config/../..//include/stdint.h"
15    0000              	C_LINE	17,"/home/ed/dev/3rdparty/z88dk/lib/config/../..//include/stdint.h"
17    0000              	C_LINE	18,"/home/ed/dev/3rdparty/z88dk/lib/config/../..//include/stdint.h"
18    0000              	C_LINE	19,"/home/ed/dev/3rdparty/z88dk/lib/config/../..//include/stdint.h"
19    0000              	C_LINE	21,"/home/ed/dev/3rdparty/z88dk/lib/config/../..//include/stdint.h"
21    0000              	C_LINE	22,"/home/ed/dev/3rdparty/z88dk/lib/config/../..//include/stdint.h"
22    0000              	C_LINE	23,"/home/ed/dev/3rdparty/z88dk/lib/config/../..//include/stdint.h"
23    0000              	C_LINE	25,"/home/ed/dev/3rdparty/z88dk/lib/config/../..//include/stdint.h"
25    0000              	C_LINE	26,"/home/ed/dev/3rdparty/z88dk/lib/config/../..//include/stdint.h"
26    0000              	C_LINE	27,"/home/ed/dev/3rdparty/z88dk/lib/config/../..//include/stdint.h"
27    0000              	C_LINE	29,"/home/ed/dev/3rdparty/z88dk/lib/config/../..//include/stdint.h"
29    0000              	C_LINE	30,"/home/ed/dev/3rdparty/z88dk/lib/config/../..//include/stdint.h"
30    0000              	C_LINE	31,"/home/ed/dev/3rdparty/z88dk/lib/config/../..//include/stdint.h"
31    0000              	C_LINE	33,"/home/ed/dev/3rdparty/z88dk/lib/config/../..//include/stdint.h"
33    0000              	C_LINE	34,"/home/ed/dev/3rdparty/z88dk/lib/config/../..//include/stdint.h"
34    0000              	C_LINE	35,"/home/ed/dev/3rdparty/z88dk/lib/config/../..//include/stdint.h"
35    0000              	C_LINE	37,"/home/ed/dev/3rdparty/z88dk/lib/config/../..//include/stdint.h"
37    0000              	C_LINE	38,"/home/ed/dev/3rdparty/z88dk/lib/config/../..//include/stdint.h"
38    0000              	C_LINE	40,"/home/ed/dev/3rdparty/z88dk/lib/config/../..//include/stdint.h"
40    0000              	C_LINE	41,"/home/ed/dev/3rdparty/z88dk/lib/config/../..//include/stdint.h"
41    0000              	C_LINE	43,"/home/ed/dev/3rdparty/z88dk/lib/config/../..//include/stdint.h"
43    0000              	C_LINE	44,"/home/ed/dev/3rdparty/z88dk/lib/config/../..//include/stdint.h"
44    0000              	C_LINE	49,"/home/ed/dev/3rdparty/z88dk/lib/config/../..//include/stdint.h"
49    0000              	C_LINE	52,"/home/ed/dev/3rdparty/z88dk/lib/config/../..//include/stdint.h"
52    0000              	C_LINE	54,"/home/ed/dev/3rdparty/z88dk/lib/config/../..//include/stdint.h"
54    0000              	C_LINE	55,"/home/ed/dev/3rdparty/z88dk/lib/config/../..//include/stdint.h"
55    0000              	C_LINE	4,"YM2151.h"
4     0000              	C_LINE	6,"YM2151.h"
6     0000              	C_LINE	7,"YM2151.h"
7     0000              	C_LINE	8,"YM2151.h"
8     0000              	C_LINE	9,"YM2151.h"
9     0000              	C_LINE	11,"YM2151.h"
11    0000              	C_LINE	12,"YM2151.h"
12    0000              	C_LINE	13,"YM2151.h"
13    0000              	C_LINE	14,"YM2151.h"
14    0000              	C_LINE	15,"YM2151.h"
15    0000              	C_LINE	16,"YM2151.h"
16    0000              	C_LINE	17,"YM2151.h"
17    0000              	C_LINE	18,"YM2151.h"
18    0000              	C_LINE	19,"YM2151.h"
19    0000              	C_LINE	21,"YM2151.h"
21    0000              	SECTION	rodata_compiler
21    0000              ._YM2151_PIN_D0
21    0000  02          	defb	2
21    0001              	SECTION	code_compiler
21    0000              	C_LINE	22,"YM2151.h"
22    0000              	SECTION	rodata_compiler
22    0001              ._YM2151_PIN_D1
22    0001  03          	defb	3
22    0002              	SECTION	code_compiler
22    0000              	C_LINE	23,"YM2151.h"
23    0000              	SECTION	rodata_compiler
23    0002              ._YM2151_PIN_D2
23    0002  04          	defb	4
23    0003              	SECTION	code_compiler
23    0000              	C_LINE	24,"YM2151.h"
24    0000              	SECTION	rodata_compiler
24    0003              ._YM2151_PIN_D3
24    0003  05          	defb	5
24    0004              	SECTION	code_compiler
24    0000              	C_LINE	25,"YM2151.h"
25    0000              	SECTION	rodata_compiler
25    0004              ._YM2151_PIN_D4
25    0004  06          	defb	6
25    0005              	SECTION	code_compiler
25    0000              	C_LINE	26,"YM2151.h"
26    0000              	SECTION	rodata_compiler
26    0005              ._YM2151_PIN_D5
26    0005  07          	defb	7
26    0006              	SECTION	code_compiler
26    0000              	C_LINE	27,"YM2151.h"
27    0000              	SECTION	rodata_compiler
27    0006              ._YM2151_PIN_D6
27    0006  08          	defb	8
27    0007              	SECTION	code_compiler
27    0000              	C_LINE	28,"YM2151.h"
28    0000              	SECTION	rodata_compiler
28    0007              ._YM2151_PIN_D7
28    0007  09          	defb	9
28    0008              	SECTION	code_compiler
28    0000              	C_LINE	29,"YM2151.h"
29    0000              	SECTION	rodata_compiler
29    0008              ._YM2151_PIN_RD
29    0008  0A          	defb	10
29    0009              	SECTION	code_compiler
29    0000              	C_LINE	30,"YM2151.h"
30    0000              	SECTION	rodata_compiler
30    0009              ._YM2151_PIN_WR
30    0009  0B          	defb	11
30    000A              	SECTION	code_compiler
30    0000              	C_LINE	31,"YM2151.h"
31    0000              	SECTION	rodata_compiler
31    000A              ._YM2151_PIN_ADDR0
31    000A  0C          	defb	12
31    000B              	SECTION	code_compiler
31    0000              	C_LINE	32,"YM2151.h"
32    0000              	SECTION	rodata_compiler
32    000B              ._YM2151_PIN_IC
32    000B  0D          	defb	13
32    000C              	SECTION	code_compiler
32    0000              	C_LINE	34,"YM2151.h"
34    0000              	C_LINE	6,"main.c"
6     0000              	C_LINE	0,"MMLParser.h"
0     0000              	C_LINE	17,"MMLParser.h"
17    0000              	SECTION	rodata_compiler
17    000C              ._MMLParser_RepeatCnt
17    000C  04          	defb	4
17    000D              	SECTION	code_compiler
17    0000              	C_LINE	19,"MMLParser.h"
19    0000              	C_LINE	24,"MMLParser.h"
24    0000              	C_LINE	35,"MMLParser.h"
35    0000              	C_LINE	44,"MMLParser.h"
44    0000              	C_LINE	69,"MMLParser.h"
69    0000              	C_LINE	70,"MMLParser.h"
70    0000              	C_LINE	71,"MMLParser.h"
71    0000              	C_LINE	72,"MMLParser.h"
72    0000              	C_LINE	73,"MMLParser.h"
73    0000              	C_LINE	74,"MMLParser.h"
74    0000              	C_LINE	75,"MMLParser.h"
75    0000              	C_LINE	77,"MMLParser.h"
77    0000              	C_LINE	78,"MMLParser.h"
78    0000              	C_LINE	79,"MMLParser.h"
79    0000              	C_LINE	80,"MMLParser.h"
80    0000              	C_LINE	81,"MMLParser.h"
81    0000              	C_LINE	82,"MMLParser.h"
82    0000              	C_LINE	83,"MMLParser.h"
83    0000              	C_LINE	84,"MMLParser.h"
84    0000              	C_LINE	85,"MMLParser.h"
85    0000              	C_LINE	86,"MMLParser.h"
86    0000              	C_LINE	87,"MMLParser.h"
87    0000              	C_LINE	88,"MMLParser.h"
88    0000              	C_LINE	89,"MMLParser.h"
89    0000              	C_LINE	90,"MMLParser.h"
90    0000              	C_LINE	91,"MMLParser.h"
91    0000              	C_LINE	92,"MMLParser.h"
92    0000              	C_LINE	93,"MMLParser.h"
93    0000              	C_LINE	94,"MMLParser.h"
94    0000              	C_LINE	95,"MMLParser.h"
95    0000              	C_LINE	96,"MMLParser.h"
96    0000              	C_LINE	97,"MMLParser.h"
97    0000              	C_LINE	98,"MMLParser.h"
98    0000              	C_LINE	99,"MMLParser.h"
99    0000              	C_LINE	100,"MMLParser.h"
100   0000              	C_LINE	101,"MMLParser.h"
101   0000              	C_LINE	102,"MMLParser.h"
102   0000              	C_LINE	7,"main.c"
7     0000              	C_LINE	0,"MDXParser.h"
0     0000              	C_LINE	8,"MDXParser.h"
8     0000              	C_LINE	9,"MDXParser.h"
9     0000              	C_LINE	10,"MDXParser.h"
10    0000              	C_LINE	11,"MDXParser.h"
11    0000              	C_LINE	12,"MDXParser.h"
12    0000              	C_LINE	13,"MDXParser.h"
13    0000              	C_LINE	14,"MDXParser.h"
14    0000              	C_LINE	15,"MDXParser.h"
15    0000              	C_LINE	17,"MDXParser.h"
17    0000              	C_LINE	26,"MDXParser.h"
26    0000              
26    0000              ; Function MDXParser_ReadData8 flags 0x00000200 __smallc
26    0000              ; unsigned char uint8_tMDXParser_ReadData8(struct MDXParser * mdxParser, unsigned int addr)
26    0000              ; parameter 'unsigned int addr' at sp+2 size(2)
26    0000              ; parameter 'struct MDXParser * mdxParser' at sp+4 size(2)
26    0000              	C_LINE	26,"MDXParser.h::MDXParser_ReadData8::0::0"
26    0000              ._MDXParser_ReadData8
26    0000  21 00 00    	ld	hl,0	;const
26    0003  C9          	ret
26    0004              
26    0004              
26    0004              	C_LINE	30,"MDXParser.h::MDXParser_ReadData8::0::1"
30    0004              
30    0004              ; Function MDXParser_ReadData16 flags 0x00000200 __smallc
30    0004              ; unsigned int uint16_tMDXParser_ReadData16(struct MDXParser * mdxParser, unsigned int addr)
30    0004              ; parameter 'unsigned int addr' at sp+2 size(2)
30    0004              ; parameter 'struct MDXParser * mdxParser' at sp+4 size(2)
30    0004              	C_LINE	30,"MDXParser.h::MDXParser_ReadData16::0::1"
30    0004              ._MDXParser_ReadData16
30    0004  21 00 00    	ld	hl,0	;const
30    0007  C9          	ret
30    0008              
30    0008              
30    0008              	C_LINE	35,"MDXParser.h::MDXParser_ReadData16::0::2"
35    0008              	C_LINE	8,"main.c::MDXParser_ReadData16::0::2"
8     0008              	C_LINE	0,"compat.h::MDXParser_ReadData16::0::2"
0     0008              	C_LINE	4,"compat.h::MDXParser_ReadData16::0::2"
4     0008              	C_LINE	5,"compat.h::MDXParser_ReadData16::0::2"
5     0008              	C_LINE	9,"main.c::MDXParser_ReadData16::0::2"
9     0008              	C_LINE	12,"main.c::MDXParser_ReadData16::0::2"
12    0008              	C_LINE	14,"main.c::MDXParser_ReadData16::0::2"
14    0008              	SECTION	data_compiler
14    0000              ._waittime
14    0000  00 00 00 00 	defb	0,0,0,0
14    0004              	SECTION	code_compiler
14    0008              	C_LINE	15,"main.c::MDXParser_ReadData16::0::2"
15    0008              	SECTION	data_compiler
15    0004              ._proctime
15    0004  00 00 00 00 	defb	0,0,0,0
15    0008              	SECTION	code_compiler
15    0008              	C_LINE	17,"main.c::MDXParser_ReadData16::0::2"
17    0008              
17    0008              ; Function main flags 0x00000000 __stdc
17    0008              ; void main()
17    0008              	C_LINE	18,"main.c::main::0::3"
18    0008              ._main
18    0008  CD 00 00    	call	_YM2151_begin
18    000B  21 00 00    	ld	hl,_mdx
18    000E  E5          	push	hl
18    000F  21 00 28    	ld	hl,10240	;const
18    0012  E5          	push	hl
18    0013  CD 00 00    	call	_MDXParser_Setup
18    0016  C1          	pop	bc
18    0017  C1          	pop	bc
18    0018  21 00 00    	ld	hl,_mdx
18    001B  E5          	push	hl
18    001C  21 00 00    	ld	hl,0	;const
18    001F  E5          	push	hl
18    0020  CD 00 00    	call	_MDXParser_Elapse
18    0023  C1          	pop	bc
18    0024  C1          	pop	bc
18    0025              .i_17
18    0025  CD 2C 00    	call	_loop
18    0028  C3 25 00    	jp	i_17	;EOS
18    002B              .i_18
18    002B  C9          	ret
18    002C              
18    002C              
18    002C              	C_LINE	30,"main.c::main::0::5"
30    002C              
30    002C              ; Function loop flags 0x00000200 __smallc
30    002C              ; void loop()
30    002C              	C_LINE	31,"main.c::loop::0::5"
31    002C              ._loop
31    002C  21 00 00    	ld	hl,_mdx
31    002F  E5          	push	hl
31    0030  21 01 00    	ld	hl,1	;const
31    0033  E5          	push	hl
31    0034  CD 00 00    	call	_MDXParser_ClockToMicroSec
31    0037  C1          	pop	bc
31    0038  C1          	pop	bc
31    0039  22 00 00    	ld	(_waittime),hl
31    003C  ED 53 02 00 	ld	(_waittime+2),de
31    0040  D5          	push	de
31    0041  E5          	push	hl
31    0042  2A 04 00    	ld	hl,(_proctime)
31    0045  ED 5B 06 00 	ld	de,(_proctime+2)
31    0049  CD 00 00    	call	l_long_sub
31    004C  22 00 00    	ld	(_waittime),hl
31    004F  ED 53 02 00 	ld	(_waittime+2),de
31    0053              .i_19
31    0053  2A 00 00    	ld	hl,(_waittime)
31    0056  ED 5B 02 00 	ld	de,(_waittime+2)
31    005A  D5          	push	de
31    005B  E5          	push	hl
31    005C  21 00 00    	ld	hl,0	;const
31    005F  54          	ld	d,h
31    0060  5D          	ld	e,l
31    0061  CD 00 00    	call	l_long_gt
31    0064  D2 B7 00    	jp	nc,i_20	;
31    0067  2A 00 00    	ld	hl,(_waittime)
31    006A  ED 5B 02 00 	ld	de,(_waittime+2)
31    006E  D5          	push	de
31    006F  E5          	push	hl
31    0070  21 FF 3F    	ld	hl,16383	;const
31    0073  11 00 00    	ld	de,0
31    0076  CD 00 00    	call	l_long_gt
31    0079  D2 9C 00    	jp	nc,i_21	;
31    007C  21 FF 3F    	ld	hl,16383	;const
31    007F  E5          	push	hl
31    0080  CD 00 00    	call	_delayMicroseconds
31    0083  C1          	pop	bc
31    0084  2A 00 00    	ld	hl,(_waittime)
31    0087  ED 5B 02 00 	ld	de,(_waittime+2)
31    008B  01 01 C0    	ld	bc,49153
31    008E  09          	add	hl,bc
31    008F  38 01       	jr	c,ASMPC+3
31    0091  1B          	dec	de
31    0092  22 00 00    	ld	(_waittime),hl
31    0095  ED 53 02 00 	ld	(_waittime+2),de
31    0099  C3 53 00    	jp	i_22	;EOS
31    009C              .i_21
31    009C  2A 00 00    	ld	hl,(_waittime)
31    009F  ED 5B 02 00 	ld	de,(_waittime+2)
31    00A3  E5          	push	hl
31    00A4  CD 00 00    	call	_delayMicroseconds
31    00A7  C1          	pop	bc
31    00A8  21 00 00    	ld	hl,0	;const
31    00AB  54          	ld	d,h
31    00AC  5D          	ld	e,l
31    00AD  22 00 00    	ld	(_waittime),hl
31    00B0  ED 53 02 00 	ld	(_waittime+2),de
31    00B4  C3 53 00    	jp	i_19	;EOS
31    00B7              .i_20
31    00B7  CD 00 00    	call	_micros
31    00BA  11 00 00    	ld	de,0
31    00BD  22 04 00    	ld	(_proctime),hl
31    00C0  ED 53 06 00 	ld	(_proctime+2),de
31    00C4  21 00 00    	ld	hl,_mdx
31    00C7  E5          	push	hl
31    00C8  21 01 00    	ld	hl,1	;const
31    00CB  E5          	push	hl
31    00CC  CD 00 00    	call	_MDXParser_Elapse
31    00CF  C1          	pop	bc
31    00D0  C1          	pop	bc
31    00D1  CD 00 00    	call	_micros
31    00D4  E5          	push	hl
31    00D5  2A 04 00    	ld	hl,(_proctime)
31    00D8  ED 5B 06 00 	ld	de,(_proctime+2)
31    00DC  D9          	exx
31    00DD  E1          	pop	hl
31    00DE  11 00 00    	ld	de,0
31    00E1  D5          	push	de
31    00E2  E5          	push	hl
31    00E3  D9          	exx
31    00E4  CD 00 00    	call	l_long_sub
31    00E7  22 04 00    	ld	(_proctime),hl
31    00EA  ED 53 06 00 	ld	(_proctime+2),de
31    00EE  C9          	ret
31    00EF              
31    00EF              
31    00EF              ; --- Start of Optimiser additions ---
31    00EF              	defc	i_22 = i_19
31    00EF              
31    00EF              
31    00EF              ; --- Start of Static Variables ---
31    00EF              
31    00EF              	SECTION	bss_compiler
31    0000  00 00 00 00 00 00 00 00 00 00 00 00 00 00 00 00 00 00 00 00 00 00 00 00 00 00 00 00 00 00 00 00 
      0020  00 00 00 00 00 00 00 00 00 00 00 00 00 00 00 00 00 00 00 00 00 00 00 00 00 00 00 00 00 00 00 00 
      0040  00 00 00 00 00 00 00 00 00 00 00 00 00 00 00 00 00 00 00 00 00 00 00 00 00 00 00 00 00 00 00 00 
      0060  00 00 00 00 00 00 00 00 00 00 00 00 00 00 00 00 00 00 00 00 00 00 00 00 00 00 00 00 00 00 00 00 
      0080  00 00 00 00 00 00 00 00 00 00 00 00 00 00 00 00 00 00 00 00 00 00 00 00 00 00 00 00 00 00 00 00 
      00A0  00 00 00 00 00 00 00 00 00 00 00 00 00 00 00 00 00 00 00 00 00 00 00 00 00 00 00 00 00 00 00 00 
      00C0  00 00 00 00 00 00 00 00 00 00 00 00 00 00 00 00 00 00 00 00 00 00 00 00 00 00 00 00 00 00 00 00 
      00E0  00 00 00 00 00 00 00 00 00 00 00 00 00 00 00 00 00 00 00 00 00 00 00 00 00 00 00 00 00 00 00 00 
      0100  00 00 00 00 00 00 00 00 00 00 00 00 00 00 00 00 00 00 00 00 00 00 00 00 00 00 00 00 00 00 00 00 
      0120  00 00 00 00 00 00 00 00 00 00 00 00 00 00 00 00 00 00 00 00 00 00 00 00 00 00 00 00 00 00 00 00 
      0140  00 00 00 00 00 00 00 00 00 00 00 00 00 00 00 00 00 00 00 00 00 00 00 00 00 00 00 00 00 00 00 00 
      0160  00 00 00 00 00 00 00 00 00 00 00 00 00 00 00 00 00 00 00 00 00 00 00 00 00 00 00 00 00 00 00 00 
      0180  00 00 00 00 00 00 00 00 00 00 00 00 00 00 00 00 00 00 00 00 00 00 00 00 00 00 00 00 00 00 00 00 
      01A0  00 00 00 00 00 00 00 00 00 00 00 00 00 00 00 00 00 00 00 00 00 00 00 00 00 00 00 00 00 00 00 00 
      01C0  00 00 00 00 00 00 00 00 00 00 00 00 00 00 00 00 00 00 00 00 00 00 00 00 00 00 00 00 00 00 00 00 
      01E0  00 00 00 00 00 00 00 00 00 00 00 00 00 00 00 00 00 00 00 00 00 00 00 00 00 00 00 00 00 00 00 00 
      0200  00 00 00 00 00 00 00 00 00 00 00 00 00 00 00 00 00 00 00 00 00 00 00 00 00 00 00 00 00 00 00 00 
      0220  00 00 00 00 00 00 00 00 00 00 00 00 00 00 00 00 00 00 00 00 00 00 00 00 00 00 00 00 00 00 00 00 
      0240  00 00 00 00 00 00 00 00 00 00 00 00 00 00 00 00 00 00 00 00 00 00 00 00 00 00 00 
                        ._mdx	defs	603
31    025B              	SECTION	code_compiler
31    00EF              
31    00EF              
31    00EF              ; --- Start of Scope Defns ---
31    00EF              
31    00EF              	GLOBAL	_main
31    00EF              	GLOBAL	_loop
31    00EF              	GLOBAL	_YM2151_begin
31    00EF              	GLOBAL	_YM2151_initLFO
31    00EF              	GLOBAL	_YM2151_read
31    00EF              	GLOBAL	_YM2151_write
31    00EF              	GLOBAL	_YM2151_setTone
31    00EF              	GLOBAL	_YM2151_setVolume
31    00EF              	GLOBAL	_YM2151_noteOn
31    00EF              	GLOBAL	_YM2151_noteOff
31    00EF              	GLOBAL	_YM2151_loadTimbre
31    00EF              	GLOBAL	_YM2151_loadSeparationTimbre
31    00EF              	GLOBAL	_YM2151_dumpTimbre
31    00EF              	GLOBAL	_YM2151_setPanpot
31    00EF              	GLOBAL	_YM2151_wait
31    00EF              	GLOBAL	_YM2151_PIN_D0
31    00EF              	GLOBAL	_YM2151_PIN_D1
31    00EF              	GLOBAL	_YM2151_PIN_D2
31    00EF              	GLOBAL	_YM2151_PIN_D3
31    00EF              	GLOBAL	_YM2151_PIN_D4
31    00EF              	GLOBAL	_YM2151_PIN_D5
31    00EF              	GLOBAL	_YM2151_PIN_D6
31    00EF              	GLOBAL	_YM2151_PIN_D7
31    00EF              	GLOBAL	_YM2151_PIN_RD
31    00EF              	GLOBAL	_YM2151_PIN_WR
31    00EF              	GLOBAL	_YM2151_PIN_ADDR0
31    00EF              	GLOBAL	_YM2151_PIN_IC
31    00EF              	GLOBAL	_MMLParser_RepeatCnt
31    00EF              	GLOBAL	_MMLParser_Init
31    00EF              	GLOBAL	_MMLParser_Elapse
31    00EF              	GLOBAL	_MMLParser_Calc
31    00EF              	GLOBAL	_MMLParser_SetTone
31    00EF              	GLOBAL	_MMLParser_KeyOn
31    00EF              	GLOBAL	_MMLParser_KeyOff
31    00EF              	GLOBAL	_MMLParser_UpdateVolume
31    00EF              	GLOBAL	_MMLParser_C_xx_Unknown
31    00EF              	GLOBAL	_MMLParser_C_e7_Fadeout
31    00EF              	GLOBAL	_MMLParser_C_e8_PCM8Ext
31    00EF              	GLOBAL	_MMLParser_C_e9_LFODelay
31    00EF              	GLOBAL	_MMLParser_C_ea_LFOCtrl
31    00EF              	GLOBAL	_MMLParser_C_eb_LFOVolumeCtrl
31    00EF              	GLOBAL	_MMLParser_C_ec_LFOPitchCtrl
31    00EF              	GLOBAL	_MMLParser_C_ed_NoisePitch
31    00EF              	GLOBAL	_MMLParser_C_ee_SyncWait
31    00EF              	GLOBAL	_MMLParser_C_ef_SyncSend
31    00EF              	GLOBAL	_MMLParser_C_f0_KeyOnDelay
31    00EF              	GLOBAL	_MMLParser_C_f1_EndOfData
31    00EF              	GLOBAL	_MMLParser_C_f2_Portamento
31    00EF              	GLOBAL	_MMLParser_C_f3_Detune
31    00EF              	GLOBAL	_MMLParser_C_f4_ExitRepeat
31    00EF              	GLOBAL	_MMLParser_C_f5_BottomRepeat
31    00EF              	GLOBAL	_MMLParser_C_f6_StartRepeat
31    00EF              	GLOBAL	_MMLParser_C_f7_DisableKeyOn
31    00EF              	GLOBAL	_MMLParser_C_f8_KeyOnTime
31    00EF              	GLOBAL	_MMLParser_C_f9_VolumeUp
31    00EF              	GLOBAL	_MMLParser_C_fa_VolumeDown
31    00EF              	GLOBAL	_MMLParser_C_fb_Volume
31    00EF              	GLOBAL	_MMLParser_C_fc_Panpot
31    00EF              	GLOBAL	_MMLParser_C_fd_Timbre
31    00EF              	GLOBAL	_MMLParser_C_fe_Registar
31    00EF              	GLOBAL	_MMLParser_C_ff_Tempo
31    00EF              	GLOBAL	_MDXParser_Setup
31    00EF              	GLOBAL	_MDXParser_Elapse
31    00EF              	GLOBAL	_MDXParser_Forward
31    00EF              	GLOBAL	_MDXParser_SetTempo
31    00EF              	GLOBAL	_MDXParser_GetTimbreAddr
31    00EF              	GLOBAL	_MDXParser_SendSyncRelease
31    00EF              	GLOBAL	_MDXParser_ClockToMilliSec
31    00EF              	GLOBAL	_MDXParser_ClockToMicroSec
31    00EF              	GLOBAL	_MDXParser_ReadData8
31    00EF              	GLOBAL	_MDXParser_ReadData16
31    00EF              	GLOBAL	_mdx
31    00EF              	GLOBAL	_delayMicroseconds
31    00EF              	GLOBAL	_micros
31    00EF              	GLOBAL	_waittime
31    00EF              	GLOBAL	_proctime
31    00EF              
31    00EF              
31    00EF              ; --- End of Scope Defns ---
31    00EF              
31    00EF              
31    00EF              ; --- End of Compilation ---
31    00EF              
